<?xml version="1.0" encoding="UTF-8"?>
<testng-results ignored="0" total="1" passed="1" failed="0" skipped="0">
  <reporter-output>
    <line>
      <![CDATA[running verify user id]]>
    </line>
    <line>
      <![CDATA[logout the application]]>
    </line>
    <line>
      <![CDATA[close the app]]>
    </line>
  </reporter-output>
  <suite started-at="2022-09-04T21:43:13 IST" name="Default suite" finished-at="2022-09-04T21:43:31 IST" duration-ms="17941">
    <groups>
    </groups>
    <test started-at="2022-09-04T21:43:13 IST" name="Default test" finished-at="2022-09-04T21:43:31 IST" duration-ms="17941">
      <class name="Test_Class.test">
        <test-method is-config="true" signature="openBrowser()[pri:0, instance:Test_Class.test@4b45a2f5]" started-at="2022-09-04T21:43:13 IST" name="openBrowser" finished-at="2022-09-04T21:43:23 IST" duration-ms="9668" status="PASS">
          <reporter-output>
          </reporter-output>
        </test-method> <!-- openBrowser -->
        <test-method is-config="true" signature="loginToApp()[pri:0, instance:Test_Class.test@4b45a2f5]" started-at="2022-09-04T21:43:23 IST" name="loginToApp" finished-at="2022-09-04T21:43:28 IST" duration-ms="5194" status="PASS">
          <reporter-output>
          </reporter-output>
        </test-method> <!-- loginToApp -->
        <test-method signature="verifyuserID()[pri:0, instance:Test_Class.test@4b45a2f5]" started-at="2022-09-04T21:43:28 IST" name="verifyuserID" finished-at="2022-09-04T21:43:31 IST" duration-ms="3015" status="PASS">
          <reporter-output>
            <line>
              <![CDATA[running verify user id]]>
            </line>
          </reporter-output>
        </test-method> <!-- verifyuserID -->
        <test-method is-config="true" signature="logoutApp()[pri:0, instance:Test_Class.test@4b45a2f5]" started-at="2022-09-04T21:43:31 IST" name="logoutApp" finished-at="2022-09-04T21:43:31 IST" duration-ms="1" status="PASS">
          <reporter-output>
            <line>
              <![CDATA[logout the application]]>
            </line>
          </reporter-output>
        </test-method> <!-- logoutApp -->
        <test-method is-config="true" signature="closeBrowser()[pri:0, instance:Test_Class.test@4b45a2f5]" started-at="2022-09-04T21:43:31 IST" name="closeBrowser" finished-at="2022-09-04T21:43:31 IST" duration-ms="1" status="PASS">
          <reporter-output>
            <line>
              <![CDATA[close the app]]>
            </line>
          </reporter-output>
        </test-method> <!-- closeBrowser -->
      </class> <!-- Test_Class.test -->
    </test> <!-- Default test -->
  </suite> <!-- Default suite -->
</testng-results>
